railway  
the  
john  
list of  
the  
list of the summer olympics  
the  
john  
al  
railway station  
the  
list of the  
al  
th york  
national  
john  
john  
in the  
national league  
the  
the  
list of the summer olympics  
john  
the  
list of the summer olympics  
th brigade  
the  
john  
st st st st st st st st st st 
list of the summer olympics  
john  
john  
th high school  
the  
st st st st st st st st st st 
list of the summer olympics  
the  
antaeotricha  
list of  
national cup  
railway station  
list of  
list of the league  
john  
the  
john  
minuscule  
the  
john  
list of the  
the  
th brigade  
st st st st st st st st st st 
high school  
list of the summer olympics  
the  
st st st st st st st st st st 
list of the summer olympics  
st st st st st st st st st st 
th york  
john  
john  
john  
the  
list of  
john  
list of the  
the  
john  
khurd  
cypriot league  
al  
the  
the  
john  
list of the railway station  
john  
st st st st st st st st st st 
the  
john  
john  
th brigade  
th york  
list of zealand  
in  
list of the summer olympics  
john  
cypriot league  
john  
th york  
the  
railway  
john  
john  
list of the summer olympics  
john  
the  
the  
dam  
list of the summer olympics  
national election  
john  
al  
al  
the  
list of  
list of the summer olympics  
the  
the  
al  
john  
the  
railway station  
list of the summer olympics  
john  
the  
john  
st st st st st st st st st st 
the  
the  
national league  
john  
jean  
the  
list of the  
antaeotricha  
john  
list of the summer olympics  
the  
the  
list of the league  
list of  
national league  
al  
the  
al  
minuscule  
list of zealand  
list of the  
list of the  
in the league  
john  
john  
john  
john  
john  
the  
the  
railway station  
list of the summer olympics  
list of the  
john  
khurd  
john  
national election  
national league  
list of the  
john  
list of the summer olympics  
the  
the  
maria  
the  
john  
the  
list of zealand  
john  
in the  
national cup  
jean  
list of the summer olympics  
the  
john  
john  
list of the  
john  
john  
john  
john  
list of the league  
al  
john  
antaeotricha  
the  
john  
the  
al  
list of  
john  
de  
john  
john  
express  
john  
john  
the  
list of  
jean  
the  
list of ireland  
st st st st st st st st st st 
the  
john  
antaeotricha  
the  
the  
john  
john  
john  
the  
th york  
th york  
list of the  
in the  
the  
john  
minuscule  
in the  
john  
john  
th york  
al  
the  
national cup  
the  
the  
national cup  
al  
temple  
railway station  
the  
the  
john  
john  
th election  
list of the  
the  
list of the summer olympics  
railway station  
the  
the  
al  
st st st st st st st st st st 
power in the league  
john  
jean  
john  
power in india  
the  
list of zealand  
al  
list of the summer olympics  
john  
the  
john  
john  
list of  
john  
john  
list of  
the  
national league  
antaeotricha  
national cup  
de  
john  
the  
the  
the  
express  
th york  
al  
john  
temple  
national park  
list of the summer olympics  
the  
the  
th york  
al  
list of the summer olympics  
john  
john  
th high school  
the  
in the  
the  
john  
national league  
the  
st st st st st st st st st st 
john  
national league  
the  
power in india  
national league  
th church  
the  
national  
john  
the  
list of the summer olympics  
st st st st st st st st st st 
list of the world cup  
john  
the  
antaeotricha  
list of  
list of the  
the  
al  
al  
list of the  
john  
the  
the  
list of the york  
john  
john  
list of the summer olympics  
jean  
th york  
john  
de  
railway station  
john  
john  
list of united states season  
john  
th election  
john  
th high school  
list of the summer olympics  
national league  
john  
national league  
list of the  
the  
the  
al  
the  
john  
john  
jean  
list of the summer olympics  
the  
the  
list of the summer basketball team  
john  
the  
the  
list of the  
the  
the  
the  
the  
john  
th york  
john  
john  
th york  
john  
the  
list of the  
john  
the  
list of the summer olympics  
john  
john  
jean  
sergei  
the  
john  
the  
the  
the  
the  
power in india  
john  
al  
list of the summer olympics  
de  
national cup  
list of the  
the  
th york  
the  
john  
the  
the  
list of the summer olympics  
express  
list of the summer olympics  
list of the summer olympics  
the  
the  
in the  
the  
john  
john  
the  
the  
john  
list of the  
de  
list of  
railway station  
list of the summer olympics  
national cup  
list of the  
list of  
john  
john  
st the submarine  
the  
the  
list of the summer  
the  
jean  
al  
the  
th high school  
john  
john  
john  
john  
john  
john  
john  
jean  
john  
th infantry regiment  
john  
national election  
john  
th york school  
the  
john  
list of the summer olympics  
john  
the  
list of  
john  
list of the summer olympics  
the  
jean  
the  
the  
al  
john  
john  
th brigade  
list of the  
in  
national cup  
the  
the  
railway station  
john  
national league  
john  
john  
the  
the  
high school  
al  
john  
john  
al  
the  
the  
the  
the  
john  
the  
national cup  
list of the summer olympics  
the  
the  
the  
minuscule  
national park  
th york  
railway station  
the  
de  
national cup  
john  
the  
railway station  
st st st st st st st st st st 
the  
the  
john  
al  
the  
st st st st st st st st st st 
john  
railway station  
the  
new york  
the  
john  
st st st st st st st st st st 
the  
the  
national league  
the  
the  
list of olympics  
john  
th york  
list of the summer olympics  
john  
list of the summer olympics  
the  
railway station  
th brigade  
the  
list of  
john  
de  
john  
the  
al  
the  
the  
al  
john  
list of  
de  
john  
express  
the  
list of the summer olympics  
john  
john  
the  
national league  
al  
th high school  
the  
national cup  
st st st st st st st st st st 
john  
national park  
the  
antaeotricha  
list of zealand railway station  
the  
th brigade  
maria  
jean  
john  
th high school  
john  
john  
john  
the  
power in india  
st mary  
list of the  
national election  
john  
the  
in the  
in the  
the  
the  
railway station  
national cup  
st st st st st st st st st st 
john  
john  
de  
the  
john  
the  
national cup  
th york  
al  
railway station  
the  
list of the united states  
list of the  
the  
john  
al  
john  
list of the summer olympics  
the  
railway station  
john  
john  
the  
john  
the  
john  
the  
new york  
in the  
john  
list of the  
th york  
th district  
the  
in the  
the  
th york  
the  
list of the summer olympics  
de  
the  
th high school  
al  
list of ireland  
railway station  
list of the summer olympics  
the  
list of york  
th brigade  
the  
the  
john  
al  
john  
the  
list of the summer olympics  
th york  
national cup  
the  
the  
in the  
john  
john  
the  
list of the  
the  
in the  
st st st st st st st st st st 
de  
the  
national election  
the  
list of the  
jean  
national league  
al  
railway station  
al  
john  
the  
john  
th brigade  
john  
list of ireland  
railway station  
list of york  
the  
john  
the  
maria  
john  
the  
al  
jean  
list of  
the  
john  
list of  
th york  
list of the summer olympics  
th york school  
list of the league  
national cup  
list of the summer olympics  
list of the summer olympics  
th york  
list of  
the  
jean  
high school  
the  
al  
john  
in  
th york  
list of the summer olympics  
john  
the  
the  
the  
the  
list of the  
the  
al  
the  
john  
the  
john  
list of zealand  
john  
list of ireland  
th york  
john  
the  
the  
the  
st st st st st st st st st st 
the  
the  
national league  
the  
the  
national league  
the  
list of  
al  
john  
railway station  
the  
th brigade  
the  
minuscule  
john  
jean  
list of  
john  
the  
john  
john  
in the  
th submarine  
the  
the  
the  
list of  
the  
john  
the  
john  
list of the  
the  
john  
list of the  
john  
john  
the  
jean  
list of the summer olympics  
jean  
antaeotricha  
john  
john  
de  
in the  
the  
john  
list of  
john  
list of the summer olympics  
the  
john  
list of the summer olympics  
railway station  
the  
list of the league  
list of  
cypriot league  
de  
john  
the  
list of ireland  
john  
list of the  
john  
john  
the  
john  
national cup  
the  
the  
power in the league  
list of  
list of the summer olympics  
al  
the  
the  
list of the  
john  
john  
the  
railway station  
the  
national league  
the  
john  
antaeotricha  
al  
the  
the  
john  
the  
john  
th york  
john  
the  
the  
st st st st st st st st st st 
railway station  
al  
jean  
the  
the  
national league  
the  
the  
the  
list of the league  
th high school  
the  
national election  
john  
national league  
the  
the  
in the  
john  
john  
national cup  
the  
national cup  
the  
list of york  
the  
th high school  
al  
john  
john  
john  
list of the summer olympics  
john  
john  
antaeotricha  
john  
the  
the  
john  
th york  
express  
the  
the  
john  
list of the  
john  
john  
railway station  
the  
john  
railway station  
john  
al  
john  
jean  
the  
list of the  
the  
national cup  
de  
national league  
john  
list of  
john  
john  
list of the  
list of the  
list of the summer  
railway station  
john  
de  
al  
list of  
the  
the  
john  
the  
st st st st st st st st st st 
the  
the  
temple  
the  
john  
the  
the  
list of the  
list of railway station  
antaeotricha  
john  
maria  
maria  
john  
th infantry regiment  
national election  
al  
john  
john  
the  
the  
the  
the  
john  
st st st st st st st st st st 
the  
the  
jean  
th high school  
the  
al  
the  
the  
list of the summer olympics  
al  
john  
john  
list of  
railway station  
the  
st st st st st st st st st st 
john  
the  
list of the summer olympics  
john  
john  
the  
john  
john  
john  
in the  
list of  
national election  
john  
john  
list of  
john  
list of south states  
john  
the  
list of the summer olympics  
the  
de  
de  
john  
al  
the  
john  
john  
de  
john  
list of the  
list of the summer olympics  
the  
list of the summer olympics  
the  
list of the  
railway station  
john  
the  
the  
the  
list of  
the  
list of  
in the  
john  
the  
the  
the  
list of the summer olympics  
john  
st st st st st st st st st st 
list of united states cup  
al  
john  
the  
temple  
the  
de  
john  
national league  
national election  
the  
john  
the  
list of the summer olympics  
national cup  
the  
jean  
the  
john  
the  
